<?xml version="1.0" encoding="UTF-8"?>
<!-- Generated by org.testng.reporters.JUnitReportReporter -->
<testsuite skipped="1" hostname="VDCW10DED006" name="com.Script.UAT_R01_R02.OWL_UAT_R01R02_TEST12" tests="1" failures="0" timestamp="2020-05-30T11:51:07 IST" time="5.001" errors="0">
  <testcase name="OWL_UAT_R01R02_TEST12" time="5.001" classname="com.Script.UAT_R01_R02.OWL_UAT_R01R02_TEST12">
    <skipped/>
  </testcase> <!-- OWL_UAT_R01R02_TEST12 -->
</testsuite> <!-- com.Script.UAT_R01_R02.OWL_UAT_R01R02_TEST12 -->
