<?xml version="1.0" encoding="UTF-8"?>
<!-- Generated by org.testng.reporters.JUnitReportReporter -->
<testsuite skipped="0" hostname="VDCW10DED006" name="com.Script.UAT_R01_R02.OWL_UAT_R01R02_TEST11" tests="1" failures="0" timestamp="2020-05-30T11:51:06 IST" time="491.824" errors="0">
  <testcase name="OWL_UAT_R01R02_TEST11" time="491.824" classname="com.Script.UAT_R01_R02.OWL_UAT_R01R02_TEST11"/>
</testsuite> <!-- com.Script.UAT_R01_R02.OWL_UAT_R01R02_TEST11 -->
